2016-05-20 16:51:37,108 0    [main] INFO  org.hibernate.annotations.common.Version  - HCANN000001: Hibernate Commons Annotations {4.0.1.Final}
2016-05-20 16:51:37,177 69   [main] INFO  org.hibernate.Version  - HHH000412: Hibernate Core {4.0.1.Final}
2016-05-20 16:51:37,186 78   [main] INFO  org.hibernate.cfg.Environment  - HHH000206: hibernate.properties not found
2016-05-20 16:51:37,190 82   [main] INFO  org.hibernate.cfg.Environment  - HHH000021: Bytecode provider name : javassist
2016-05-20 16:51:37,292 184  [main] INFO  org.hibernate.cfg.Configuration  - HHH000043: Configuring from resource: /hibernate.cfg.xml
2016-05-20 16:51:37,292 184  [main] INFO  org.hibernate.cfg.Configuration  - HHH000040: Configuration resource: /hibernate.cfg.xml
2016-05-20 16:51:37,560 452  [main] INFO  org.hibernate.cfg.Configuration  - HHH000221: Reading mappings from resource: question.hbm.xml
2016-05-20 16:51:38,259 1151 [main] INFO  org.hibernate.cfg.Configuration  - HHH000221: Reading mappings from resource: user.hbm.xml
2016-05-20 16:51:38,300 1192 [main] INFO  org.hibernate.cfg.Configuration  - HHH000221: Reading mappings from resource: userRoles.hbm.xml
2016-05-20 16:51:38,388 1280 [main] INFO  org.hibernate.cfg.Configuration  - HHH000221: Reading mappings from resource: challenge.hbm.xml
2016-05-20 16:51:38,449 1341 [main] INFO  org.hibernate.cfg.Configuration  - HHH000221: Reading mappings from resource: book.hbm.xml
2016-05-20 16:51:38,533 1425 [main] INFO  org.hibernate.cfg.Configuration  - HHH000041: Configured SessionFactory: null
2016-05-20 16:51:39,008 1900 [main] WARN  org.hibernate.mapping.RootClass  - HHH000039: Composite-id class does not override hashCode(): com.gorbich.proco.entity.UserRolesPK
2016-05-20 16:51:39,032 1924 [main] INFO  org.hibernate.service.jdbc.connections.internal.ConnectionProviderInitiator  - HHH000130: Instantiating explicit connection provider: org.hibernate.service.jdbc.connections.internal.C3P0ConnectionProvider
2016-05-20 16:51:39,064 1956 [main] INFO  org.hibernate.service.jdbc.connections.internal.C3P0ConnectionProvider  - HHH010002: C3P0 using driver: com.mysql.jdbc.Driver at URL: jdbc:mysql://localhost:3306/proco
2016-05-20 16:51:39,064 1956 [main] INFO  org.hibernate.service.jdbc.connections.internal.C3P0ConnectionProvider  - HHH000046: Connection properties: {user=admin, password=****}
2016-05-20 16:51:39,064 1956 [main] INFO  org.hibernate.service.jdbc.connections.internal.C3P0ConnectionProvider  - HHH000006: Autocommit mode: false
2016-05-20 16:51:39,169 2061 [main] INFO  com.mchange.v2.log.MLog  - MLog clients using log4j logging.
2016-05-20 16:51:40,482 3374 [main] INFO  com.mchange.v2.c3p0.C3P0Registry  - Initializing c3p0-0.9.1.2 [built 21-May-2007 15:04:56; debug? true; trace: 10]
2016-05-20 16:51:40,762 3654 [main] INFO  com.mchange.v2.c3p0.impl.AbstractPoolBackedDataSource  - Initializing c3p0 pool... com.mchange.v2.c3p0.PoolBackedDataSource@2818e4ef [ connectionPoolDataSource -> com.mchange.v2.c3p0.WrapperConnectionPoolDataSource@613b22cc [ acquireIncrement -> 1, acquireRetryAttempts -> 30, acquireRetryDelay -> 1000, autoCommitOnClose -> false, automaticTestTable -> null, breakAfterAcquireFailure -> false, checkoutTimeout -> 0, connectionCustomizerClassName -> null, connectionTesterClassName -> com.mchange.v2.c3p0.impl.DefaultConnectionTester, debugUnreturnedConnectionStackTraces -> false, factoryClassLocation -> null, forceIgnoreUnresolvedTransactions -> false, identityToken -> 1hge0w79g1lr6dmo1grsux3|5232c9dd, idleConnectionTestPeriod -> 3000, initialPoolSize -> 3, maxAdministrativeTaskTime -> 0, maxConnectionAge -> 0, maxIdleTime -> 1800, maxIdleTimeExcessConnections -> 0, maxPoolSize -> 4, maxStatements -> 50, maxStatementsPerConnection -> 0, minPoolSize -> 2, nestedDataSource -> com.mchange.v2.c3p0.DriverManagerDataSource@a39f4c25 [ description -> null, driverClass -> null, factoryClassLocation -> null, identityToken -> 1hge0w79g1lr6dmo1grsux3|17ce342b, jdbcUrl -> jdbc:mysql://localhost:3306/proco, properties -> {user=******, password=******} ], preferredTestQuery -> null, propertyCycle -> 0, testConnectionOnCheckin -> false, testConnectionOnCheckout -> false, unreturnedConnectionTimeout -> 0, usesTraditionalReflectiveProxies -> false; userOverrides: {} ], dataSourceName -> null, factoryClassLocation -> null, identityToken -> 1hge0w79g1lr6dmo1grsux3|24769ece, numHelperThreads -> 3 ]
2016-05-20 16:51:41,770 4662 [main] INFO  org.hibernate.dialect.Dialect  - HHH000400: Using dialect: org.hibernate.dialect.MySQL5Dialect
2016-05-20 16:51:41,810 4702 [main] INFO  org.hibernate.engine.jdbc.internal.LobCreatorBuilder  - HHH000424: Disabling contextual LOB creation as createClob() method threw error : java.lang.reflect.InvocationTargetException
2016-05-20 16:51:41,862 4754 [main] INFO  org.hibernate.engine.transaction.internal.TransactionFactoryInitiator  - HHH000399: Using default transaction strategy (direct JDBC transactions)
2016-05-20 16:51:41,916 4808 [main] INFO  org.hibernate.hql.internal.ast.ASTQueryTranslatorFactory  - HHH000397: Using ASTQueryTranslatorFactory
